<?xml version="1.0" encoding="UTF-8"?>
<coverage generated="1742470610950" clover="3.2.0">
  <project timestamp="1742470610950" name="All files">
    <metrics statements="2" coveredstatements="0" conditionals="0" coveredconditionals="0" methods="1" coveredmethods="0" elements="3" coveredelements="0" complexity="0" loc="2" ncloc="2" packages="1" files="2" classes="2"/>
    <file name="App.tsx" path="/home/dti-dev-03/Downloads/Projeto-reactnative/test/App.tsx">
      <metrics statements="2" coveredstatements="0" conditionals="0" coveredconditionals="0" methods="1" coveredmethods="0"/>
      <line num="4" count="0" type="stmt"/>
      <line num="11" count="0" type="stmt"/>
    </file>
    <file name="index.ts" path="/home/dti-dev-03/Downloads/Projeto-reactnative/test/index.ts">
      <metrics statements="0" coveredstatements="0" conditionals="0" coveredconditionals="0" methods="0" coveredmethods="0"/>
    </file>
  </project>
</coverage>
