{"/home/dti-dev-03/Downloads/Projeto-reactnative/test/App.tsx": {"path":"/home/dti-dev-03/Downloads/Projeto-reactnative/test/App.tsx","statementMap":{"0":{"start":{"line":5,"column":2},"end":{"line":11,"column":4}},"1":{"start":{"line":14,"column":15},"end":{"line":26,"column":2}}},"fnMap":{"0":{"name":"App","decl":{"start":{"line":4,"column":24},"end":{"line":4,"column":27}},"loc":{"start":{"line":4,"column":30},"end":{"line":12,"column":1}},"line":4}},"branchMap":{},"s":{"0":1,"1":1},"f":{"0":1},"b":{},"_coverageSchema":"1a1c01bbd47fc00a2c39e90264f33305004495a9","hash":"4bbc1538d9b39a5a2d906e8a9ce3395e84ebb405"}
,"/home/dti-dev-03/Downloads/Projeto-reactnative/test/index.ts": {"path":"/home/dti-dev-03/Downloads/Projeto-reactnative/test/index.ts","statementMap":{"0":{"start":{"line":8,"column":0},"end":{"line":8,"column":27}}},"fnMap":{},"branchMap":{},"s":{"0":0},"f":{},"b":{}}
}
