{"/home/dti-dev-03/Downloads/Projeto-reactnative/test/App.tsx": {"path":"/home/dti-dev-03/Downloads/Projeto-reactnative/test/App.tsx","statementMap":{"0":{"start":{"line":5,"column":32},"end":{"line":5,"column":43}},"1":{"start":{"line":7,"column":2},"end":{"line":23,"column":4}},"2":{"start":{"line":26,"column":15},"end":{"line":44,"column":2}}},"fnMap":{"0":{"name":"App","decl":{"start":{"line":4,"column":24},"end":{"line":4,"column":27}},"loc":{"start":{"line":4,"column":30},"end":{"line":24,"column":1}},"line":4}},"branchMap":{},"s":{"0":1,"1":1,"2":1},"f":{"0":1},"b":{},"_coverageSchema":"1a1c01bbd47fc00a2c39e90264f33305004495a9","hash":"38ca03529a3a389956749f7f62530658cc459870"}
,"/home/dti-dev-03/Downloads/Projeto-reactnative/test/index.ts": {"path":"/home/dti-dev-03/Downloads/Projeto-reactnative/test/index.ts","statementMap":{},"fnMap":{},"branchMap":{},"s":{},"f":{},"b":{}}
}
